<?xml version="1.0" encoding="UTF-8" ?>
<testsuite errors="0" skipped="0" tests="1" time="0.011" failures="0" name="com.trivadis.loganalysis.ui.FooTest">
  <properties>
    <property value="Sun Microsystems Inc." name="java.vendor"/>
    <property value="4" name="osgi.bundles.defaultStartLevel"/>
    <property value="SUN_STANDARD" name="sun.java.launcher"/>
    <property value="true" name="org.osgi.supports.framework.extension"/>
    <property value="HotSpot 64-Bit Server Compiler" name="sun.management.compiler"/>
    <property value="Windows 7" name="os.name"/>
    <property value="C:\Program Files\Java\jdk1.5.0_22\jre\lib\rt.jar;C:\Program Files\Java\jdk1.5.0_22\jre\lib\i18n.jar;C:\Program Files\Java\jdk1.5.0_22\jre\lib\sunrsasign.jar;C:\Program Files\Java\jdk1.5.0_22\jre\lib\jsse.jar;C:\Program Files\Java\jdk1.5.0_22\jre\lib\jce.jar;C:\Program Files\Java\jdk1.5.0_22\jre\lib\charsets.jar;C:\Program Files\Java\jdk1.5.0_22\jre\classes" name="sun.boot.class.path"/>
    <property value="win32" name="osgi.ws"/>
    <property value="windows" name="sun.desktop"/>
    <property value="Sun Microsystems Inc." name="java.vm.specification.vendor"/>
    <property value="1.5.0_22-b03" name="java.runtime.version"/>
    <property value="file:/C:/Users/els/workspaces/hszt/bachelorthesis/Software/development/data/com.trivadis.loganalysis.ui.test/target/work/data/" name="osgi.instance.area"/>
    <property value="f04cff36-1ec8-0010-1f9e-98f4534721b2" name="org.osgi.framework.uuid"/>
    <property value="false" name="osgi.noShutdown"/>
    <property value="els" name="user.name"/>
    <property value="javax.accessibility,javax.activity,javax.crypto,javax.crypto.interfaces,javax.crypto.spec,javax.imageio,javax.imageio.event,javax.imageio.metadata,javax.imageio.plugins.bmp,javax.imageio.plugins.jpeg,javax.imageio.spi,javax.imageio.stream,javax.management,javax.management.loading,javax.management.modelmbean,javax.management.monitor,javax.management.openmbean,javax.management.relation,javax.management.remote,javax.management.remote.rmi,javax.management.timer,javax.naming,javax.naming.directory,javax.naming.event,javax.naming.ldap,javax.naming.spi,javax.net,javax.net.ssl,javax.print,javax.print.attribute,javax.print.attribute.standard,javax.print.event,javax.rmi,javax.rmi.CORBA,javax.rmi.ssl,javax.security.auth,javax.security.auth.callback,javax.security.auth.kerberos,javax.security.auth.login,javax.security.auth.spi,javax.security.auth.x500,javax.security.cert,javax.security.sasl,javax.sound.midi,javax.sound.midi.spi,javax.sound.sampled,javax.sound.sampled.spi,javax.sql,javax.sql.rowset,javax.sql.rowset.serial,javax.sql.rowset.spi,javax.swing,javax.swing.border,javax.swing.colorchooser,javax.swing.event,javax.swing.filechooser,javax.swing.plaf,javax.swing.plaf.basic,javax.swing.plaf.metal,javax.swing.plaf.multi,javax.swing.plaf.synth,javax.swing.table,javax.swing.text,javax.swing.text.html,javax.swing.text.html.parser,javax.swing.text.rtf,javax.swing.tree,javax.swing.undo,javax.transaction,javax.transaction.xa,javax.xml,javax.xml.datatype,javax.xml.namespace,javax.xml.parsers,javax.xml.transform,javax.xml.transform.dom,javax.xml.transform.sax,javax.xml.transform.stream,javax.xml.validation,javax.xml.xpath,org.ietf.jgss,org.omg.CORBA,org.omg.CORBA_2_3,org.omg.CORBA_2_3.portable,org.omg.CORBA.DynAnyPackage,org.omg.CORBA.ORBPackage,org.omg.CORBA.portable,org.omg.CORBA.TypeCodePackage,org.omg.CosNaming,org.omg.CosNaming.NamingContextExtPackage,org.omg.CosNaming.NamingContextPackage,org.omg.Dynamic,org.omg.DynamicAny,org.omg.DynamicAny.DynAnyFactoryPackage,org.omg.DynamicAny.DynAnyPackage,org.omg.IOP,org.omg.IOP.CodecFactoryPackage,org.omg.IOP.CodecPackage,org.omg.Messaging,org.omg.PortableInterceptor,org.omg.PortableInterceptor.ORBInitInfoPackage,org.omg.PortableServer,org.omg.PortableServer.CurrentPackage,org.omg.PortableServer.POAManagerPackage,org.omg.PortableServer.POAPackage,org.omg.PortableServer.portable,org.omg.PortableServer.ServantLocatorPackage,org.omg.SendingContext,org.omg.stub.java.rmi,org.w3c.dom,org.w3c.dom.bootstrap,org.w3c.dom.css,org.w3c.dom.events,org.w3c.dom.html,org.w3c.dom.ls,org.w3c.dom.ranges,org.w3c.dom.stylesheets,org.w3c.dom.traversal,org.w3c.dom.views ,org.xml.sax,org.xml.sax.ext,org.xml.sax.helpers" name="org.osgi.framework.system.packages"/>
    <property value="en" name="org.osgi.framework.language"/>
    <property value="en" name="user.language"/>
    <property value="x86-64" name="org.osgi.framework.processor"/>
    <property value="c:\Users\els\.m2\repository\p2\osgi\bundle\org.eclipse.osgi\3.7.0.v20110613" name="osgi.syspath"/>
    <property value="C:\Program Files\Java\jdk1.5.0_22\jre\bin" name="sun.boot.library.path"/>
    <property value="C:\Users\els\workspaces\hszt\bachelorthesis\Software\development\data\com.trivadis.loganalysis.ui.test\target\work\configuration\org.eclipse.osgi\manifests" name="osgi.manifest.cache"/>
    <property value="osgi.ee; osgi.ee=&quot;OSGi/Minimum&quot;; version:List&lt;Version&gt;=&quot;1.0, 1.1, 1.2&quot;,osgi.ee; osgi.ee=&quot;JavaSE&quot;; version:List&lt;Version&gt;=&quot;1.0, 1.1, 1.2, 1.3, 1.4, 1.5&quot;" name="org.osgi.framework.system.capabilities"/>
    <property value="1.5.0_22" name="java.version"/>
    <property value="Windows7" name="org.osgi.framework.os.name"/>
    <property value="Europe/Berlin" name="user.timezone"/>
    <property value="64" name="sun.arch.data.model"/>
    <property value="reference:file:C:/Users/els/.m2/repository/p2/osgi/bundle/com.ibm.icu/4.4.2.v20110208/com.ibm.icu-4.4.2.v20110208.jar,reference:file:C:/Users/els/.m2/repository/p2/osgi/bundle/org.eclipse.osgi.services/3.3.0.v20110513/org.eclipse.osgi.services-3.3.0.v20110513.jar,reference:file:C:/Users/els/.m2/repository/p2/osgi/bundle/org.hamcrest.core/1.1.0.v20090501071000/org.hamcrest.core-1.1.0.v20090501071000.jar,reference:file:C:/Users/els/.m2/repository/p2/osgi/bundle/org.eclipse.equinox.p2.core/2.1.0.v20110502-1955/org.eclipse.equinox.p2.core-2.1.0.v20110502-1955.jar,reference:file:C:/Users/els/.m2/repository/p2/osgi/bundle/org.eclipse.core.expressions/3.4.300.v20110228/org.eclipse.core.expressions-3.4.300.v20110228.jar,reference:file:C:/Users/els/.m2/repository/p2/osgi/bundle/org.eclipse.core.variables/3.2.500.v20110511/org.eclipse.core.variables-3.2.500.v20110511.jar,reference:file:C:/Users/els/.m2/repository/p2/osgi/bundle/org.eclipse.equinox.common/3.6.0.v20110523/org.eclipse.equinox.common-3.6.0.v20110523.jar@2:start,reference:file:C:/Users/els/.m2/repository/p2/osgi/bundle/org.eclipse.equinox.p2.engine/2.1.0.v20110511/org.eclipse.equinox.p2.engine-2.1.0.v20110511.jar,reference:file:C:/Users/els/.m2/repository/p2/osgi/bundle/org.eclipse.core.runtime.compatibility.auth/3.2.200.v20110110/org.eclipse.core.runtime.compatibility.auth-3.2.200.v20110110.jar,reference:file:C:/Users/els/.m2/repository/p2/osgi/bundle/org.junit/4.8.2.v4_8_2_v20110321-1705/org.junit-4.8.2.v4_8_2_v20110321-1705.jar,reference:file:C:/Users/els/.m2/repository/p2/osgi/bundle/org.eclipse.equinox.p2.metadata.repository/1.2.0.v20110511-1359/org.eclipse.equinox.p2.metadata.repository-1.2.0.v20110511-1359.jar,reference:file:C:/Users/els/.m2/repository/p2/osgi/bundle/org.eclipse.ant.core/3.2.300.v20110511/org.eclipse.ant.core-3.2.300.v20110511.jar,reference:file:C:/Users/els/.m2/repository/p2/osgi/bundle/org.eclipse.jface.text/3.7.0.v20110505-0800/org.eclipse.jface.text-3.7.0.v20110505-0800.jar,reference:file:C:/Users/els/.m2/repository/p2/osgi/bundle/org.eclipse.core.databinding/1.4.0.I20110111-0800/org.eclipse.core.databinding-1.4.0.I20110111-0800.jar,reference:file:C:/Users/els/.m2/repository/p2/osgi/bundle/org.eclipse.ui.ide/3.7.0.I20110519-0100/org.eclipse.ui.ide-3.7.0.I20110519-0100.jar,reference:file:C:/Users/els/.m2/repository/p2/osgi/bundle/org.eclipse.ui.workbench.texteditor/3.7.0.v20110505-0800/org.eclipse.ui.workbench.texteditor-3.7.0.v20110505-0800.jar,reference:file:C:/Users/els/.m2/repository/p2/osgi/bundle/org.eclipse.core.databinding.observable/1.4.0.I20110222-0800/org.eclipse.core.databinding.observable-1.4.0.I20110222-0800.jar,reference:file:C:/Users/els/.m2/repository/p2/osgi/bundle/org.eclipse.ui.forms/3.5.100.v20110425/org.eclipse.ui.forms-3.5.100.v20110425.jar,reference:file:C:/Users/els/workspaces/hszt/bachelorthesis/Software/development/data/com.trivadis.loganalysis.ui/target/com.trivadis.loganalysis.ui-1.0.0.jar,reference:file:C:/Users/els/.m2/repository/p2/osgi/bundle/org.eclipse.core.contenttype/3.4.100.v20110423-0524/org.eclipse.core.contenttype-3.4.100.v20110423-0524.jar,reference:file:C:/Users/els/.m2/repository/p2/osgi/bundle/org.eclipse.equinox.preferences/3.4.0.v20110502/org.eclipse.equinox.preferences-3.4.0.v20110502.jar,reference:file:C:/Users/els/.m2/repository/p2/osgi/bundle/org.eclipse.equinox.registry/3.5.100.v20110502/org.eclipse.equinox.registry-3.5.100.v20110502.jar,reference:file:C:/Users/els/workspaces/hszt/bachelorthesis/Software/development/data/com.trivadis.loganalysis.core/target/com.trivadis.loganalysis.core-1.0.0.jar,reference:file:C:/Users/els/.m2/repository/p2/osgi/bundle/org.eclipse.core.jobs/3.5.100.v20110404/org.eclipse.core.jobs-3.5.100.v20110404.jar,reference:file:C:/Users/els/.m2/repository/p2/osgi/bundle/org.eclipse.equinox.launcher/1.2.0.v20110502/org.eclipse.equinox.launcher-1.2.0.v20110502.jar,reference:file:C:/Users/els/.m2/repository/p2/osgi/bundle/org.eclipse.swt.win32.win32.x86_64/3.7.0.v3735b/org.eclipse.swt.win32.win32.x86_64-3.7.0.v3735b.jar,reference:file:C:/Users/els/.m2/repository/p2/osgi/bundle/org.eclipse.ui/3.7.0.I20110602-0100/org.eclipse.ui-3.7.0.I20110602-0100.jar,reference:file:C:/Users/els/.m2/repository/p2/osgi/bundle/org.eclipse.text/3.5.100.v20110505-0800/org.eclipse.text-3.5.100.v20110505-0800.jar,reference:file:C:/Users/els/.m2/repository/p2/osgi/bundle/org.eclipse.help/3.5.100.v20110426/org.eclipse.help-3.5.100.v20110426.jar,reference:file:C:/Users/els/.m2/repository/p2/osgi/bundle/org.eclipse.equinox.app/1.3.100.v20110321/org.eclipse.equinox.app-1.3.100.v20110321.jar,reference:file:C:/Users/els/.m2/repository/p2/osgi/bundle/org.eclipse.core.resources/3.7.100.v20110510-0712/org.eclipse.core.resources-3.7.100.v20110510-0712.jar,reference:file:C:/Users/els/.m2/repository/p2/osgi/bundle/org.eclipse.core.runtime/3.7.0.v20110110/org.eclipse.core.runtime-3.7.0.v20110110.jar@4:start,reference:file:C:/Users/els/.m2/repository/p2/osgi/bundle/org.eclipse.ui.views/3.6.0.I20110412-0800/org.eclipse.ui.views-3.6.0.I20110412-0800.jar,reference:file:C:/Users/els/.m2/repository/p2/osgi/bundle/org.eclipse.core.filebuffers/3.5.200.v20110505-0800/org.eclipse.core.filebuffers-3.5.200.v20110505-0800.jar,reference:file:C:/Users/els/.m2/repository/p2/osgi/bundle/org.eclipse.ui.editors/3.7.0.v20110517-0800/org.eclipse.ui.editors-3.7.0.v20110517-0800.jar,reference:file:C:/Users/els/.m2/repository/p2/osgi/bundle/org.eclipse.core.databinding.property/1.4.0.I20110222-0800/org.eclipse.core.databinding.property-1.4.0.I20110222-0800.jar,reference:file:C:/Users/els/.m2/repository/p2/osgi/bundle/org.eclipse.jface.databinding/1.5.0.I20100907-0800/org.eclipse.jface.databinding-1.5.0.I20100907-0800.jar,reference:file:C:/Users/els/.m2/repository/p2/osgi/bundle/org.eclipse.swt/3.7.0.v3735b/org.eclipse.swt-3.7.0.v3735b.jar,reference:file:C:/Users/els/.m2/repository/p2/osgi/bundle/org.eclipse.core.filesystem/1.3.100.v20110423-0524/org.eclipse.core.filesystem-1.3.100.v20110423-0524.jar,reference:file:C:/Users/els/workspaces/hszt/bachelorthesis/Software/development/data/com.trivadis.loganalysis.ui.test,reference:file:C:/Users/els/.m2/repository/p2/osgi/bundle/org.eclipse.equinox.p2.metadata/2.1.0.v20110510/org.eclipse.equinox.p2.metadata-2.1.0.v20110510.jar,reference:file:C:/Users/els/.m2/repository/p2/osgi/bundle/org.eclipse.ui.workbench/3.7.0.I20110519-0100/org.eclipse.ui.workbench-3.7.0.I20110519-0100.jar,reference:file:C:/Users/els/.m2/repository/p2/osgi/bundle/org.eclipse.equinox.security/1.1.0.v20110502/org.eclipse.equinox.security-1.1.0.v20110502.jar,reference:file:C:/Users/els/.m2/repository/p2/osgi/bundle/org.eclipse.jface/3.7.0.I20110522-1430/org.eclipse.jface-3.7.0.I20110522-1430.jar,reference:file:C:/Users/els/.m2/repository/p2/osgi/bundle/org.eclipse.compare.core/3.5.200.I20110208-0800/org.eclipse.compare.core-3.5.200.I20110208-0800.jar,reference:file:C:/Users/els/.m2/repository/p2/osgi/bundle/org.eclipse.core.commands/3.6.0.I20110111-0800/org.eclipse.core.commands-3.6.0.I20110111-0800.jar,reference:file:C:/Users/els/.m2/repository/p2/osgi/bundle/org.eclipse.equinox.p2.repository/2.1.0.v20110601/org.eclipse.equinox.p2.repository-2.1.0.v20110601.jar,reference:file:C:/Users/els/.m2/repository/org/sonatype/tycho/org.sonatype.tycho.surefire.osgibooter/0.11.1/org.sonatype.tycho.surefire.osgibooter-0.11.1.jar,reference:file:C:/Users/els/.m2/repository/org/sonatype/tycho/org.sonatype.tycho.surefire.junit4/0.11.1/org.sonatype.tycho.surefire.junit4-0.11.1.jar" name="osgi.bundles"/>
    <property value="C:\Program Files\Java\jdk1.5.0_22\jre\lib\endorsed" name="java.endorsed.dirs"/>
    <property value="amd64" name="sun.cpu.isalist"/>
    <property value="Cp1252" name="sun.jnu.encoding"/>
    <property value="org.sonatype.tycho.surefire.osgibooter.headlesstest" name="eclipse.application"/>
    <property value="sun.io" name="file.encoding.pkg"/>
    <property value="Eclipse" name="org.osgi.framework.vendor"/>
    <property value="\" name="file.separator"/>
    <property value="Java Platform API Specification" name="java.specification.name"/>
    <property value="true" name="osgi.checkConfiguration"/>
    <property value="49.0" name="java.class.version"/>
    <property value="US" name="user.country"/>
    <property value="false" name="osgi.configuration.cascaded"/>
    <property value="C:\Program Files\Java\jdk1.5.0_22\jre" name="java.home"/>
    <property value="win32" name="osgi.os"/>
    <property value="-data
C:\Users\els\workspaces\hszt\bachelorthesis\Software\development\data\com.trivadis.loganalysis.ui.test\target\work\data
-dev
file:/C:/Users/els/workspaces/hszt/bachelorthesis/Software/development/data/com.trivadis.loganalysis.ui.test/target/dev.properties
-install
C:\Users\els\workspaces\hszt\bachelorthesis\Software\development\data\com.trivadis.loganalysis.ui.test\target\work
-configuration
C:\Users\els\workspaces\hszt\bachelorthesis\Software\development\data\com.trivadis.loganalysis.ui.test\target\work\configuration
-application
org.sonatype.tycho.surefire.osgibooter.headlesstest
-testproperties
C:\Users\els\workspaces\hszt\bachelorthesis\Software\development\data\com.trivadis.loganalysis.ui.test\target\surefire.properties
" name="eclipse.commands"/>
    <property value="mixed mode" name="java.vm.info"/>
    <property value="6.1" name="os.version"/>
    <property value="x86_64" name="osgi.arch"/>
    <property value=";" name="path.separator"/>
    <property value="1.5.0_22-b03" name="java.vm.version"/>
    <property value="true" name="org.osgi.supports.framework.fragment"/>
    <property value="" name="user.variant"/>
    <property value="jar" name="osgi.framework.shape"/>
    <property value="sun.awt.windows.WPrinterJob" name="java.awt.printerjob"/>
    <property value="UnicodeLittle" name="sun.io.unicode.encoding"/>
    <property value="1.6.0" name="org.osgi.framework.version"/>
    <property value="sun.awt.windows.WToolkit" name="awt.toolkit"/>
    <property value="file:/C:/Users/els/workspaces/hszt/bachelorthesis/Software/development/data/com.trivadis.loganalysis.ui.test/target/dev.properties" name="osgi.dev"/>
    <property value="file:/C:/Users/els/workspaces/hszt/bachelorthesis/Software/development/data/com.trivadis.loganalysis.ui.test/target/work/" name="osgi.install.area"/>
    <property value="file:/C:/Users/els/.m2/repository/p2/osgi/bundle/org.eclipse.osgi/3.7.0.v20110613/org.eclipse.osgi-3.7.0.v20110613.jar" name="osgi.framework"/>
    <property value="C:\Users\els" name="user.home"/>
    <property value="C:\Users\els\workspaces\hszt\bachelorthesis\Software\development\data\com.trivadis.loganalysis.ui.test\target\work\configuration\org.eclipse.osgi\bundles" name="osgi.bundlestore"/>
    <property value="Sun Microsystems Inc." name="java.specification.vendor"/>
    <property value="en_US" name="osgi.nl"/>
    <property value="C:\Program Files\Java\jdk1.5.0_22\jre\bin;.;C:\Windows\system32;C:\Windows;C:\Program Files (x86)\MiKTeX 2.8\miktex\bin;C:\Windows\system32;C:\Windows;C:\Windows\System32\Wbem;C:\Windows\System32\WindowsPowerShell\v1.0\;C:\Windows\SysWOW64\Empirum;C:\Program Files\TortoiseSVN\bin;C:\Program Files (x86)\Git\bin;C:\Program Files\Java\jdk1.5.0_22\bin;C:\development\tools\maven\apache-maven-3.0.3\bin;C:\Program Files\MinGw\MinGw-5.1.6\bin;C:\Program Files\MinGw\MinGw-5.1.6\libexec\gcc\mingw32\3.4.5;C:\Program Files\Scala\scala-2.8.0.final\bin;C:\Program Files\Wix\Wix3;C:\Program Files (x86)\VMware\VMware Workstation;C:\Program Files (x86)\QuickTime\QTSystem\;C:\Program Files\groovy\groovy-1.7.6\bin;c:\Program Files (x86)\Microsoft SQL Server\100\Tools\Binn\;c:\Program Files\Microsoft SQL Server\100\Tools\Binn\;c:\Program Files\Microsoft SQL Server\100\DTS\Binn\" name="java.library.path"/>
    <property value="http://java.sun.com/" name="java.vendor.url"/>
    <property value="100" name="osgi.bundlefile.limit"/>
    <property value="1313509291458" name="eclipse.startTime"/>
    <property value="6.1.0" name="org.osgi.framework.os.version"/>
    <property value="Sun Microsystems Inc." name="java.vm.vendor"/>
    <property value="Java(TM) 2 Runtime Environment, Standard Edition" name="java.runtime.name"/>
    <property value="C:\Users\els\.m2\repository\p2\osgi\bundle\org.eclipse.equinox.launcher\1.2.0.v20110502\org.eclipse.equinox.launcher-1.2.0.v20110502.jar" name="java.class.path"/>
    <property value="true" name="eclipse.refreshBundles"/>
    <property value="Java Virtual Machine Specification" name="java.vm.specification.name"/>
    <property value="1.0" name="java.vm.specification.version"/>
    <property value="" name="sun.os.patch.level"/>
    <property value="little" name="sun.cpu.endian"/>
    <property value="C:\Users\els\AppData\Local\Temp\" name="java.io.tmpdir"/>
    <property value="http://java.sun.com/cgi-bin/bugreport.cgi" name="java.vendor.url.bug"/>
    <property value="file:/C:/Users/els/workspaces/hszt/bachelorthesis/Software/development/data/com.trivadis.loganalysis.ui.test/target/work/" name="eclipse.home.location"/>
    <property value="sun.awt.Win32GraphicsEnvironment" name="java.awt.graphicsenv"/>
    <property value="amd64" name="os.arch"/>
    <property value="C:\Program Files\Java\jdk1.5.0_22\jre\lib\ext" name="java.ext.dirs"/>
    <property value="C:\Users\els\workspaces\hszt\bachelorthesis\Software\development\data\com.trivadis.loganalysis.ui.test" name="user.dir"/>
    <property value="true" name="org.osgi.supports.framework.requirebundle"/>
    <property value="
" name="line.separator"/>
    <property value="Java HotSpot(TM) 64-Bit Server VM" name="java.vm.name"/>
    <property value="Cp1252" name="file.encoding"/>
    <property value="3.7.0.v20110613" name="osgi.framework.version"/>
    <property value="1.5" name="java.specification.version"/>
    <property value="OSGi/Minimum-1.0,OSGi/Minimum-1.1,OSGi/Minimum-1.2,JRE-1.1,J2SE-1.2,J2SE-1.3,J2SE-1.4,J2SE-1.5" name="org.osgi.framework.executionenvironment"/>
    <property value="file:/C:/Users/els/workspaces/hszt/bachelorthesis/Software/development/data/com.trivadis.loganalysis.ui.test/target/work/configuration/" name="osgi.configuration.area"/>
    <property value="C:\Users\els\workspaces\hszt\bachelorthesis\Software\development\data\com.trivadis.loganalysis.ui.test\target\work\configuration\1313509291741.log" name="osgi.logfile"/>
  </properties>
  <testcase classname="com.trivadis.loganalysis.ui.FooTest" time="0.003" name="test"/>
</testsuite>